[12884:12884:0202/120135.785822:ERROR:page_load_metrics_update_dispatcher.cc(208)] Invalid first_meaningful_paint (unset) for time_to_interactive 14.664 s
[12884:12949:0202/120311.284132:ERROR:connection_factory_impl.cc(381)] Failed to connect to MCS endpoint with error -118
[12884:12884:0202/123219.211245:ERROR:page_load_metrics_update_dispatcher.cc(208)] Invalid first_meaningful_paint (unset) for time_to_interactive 11.481 s
[12884:12884:0202/123226.316044:ERROR:page_load_metrics_update_dispatcher.cc(208)] Invalid first_meaningful_paint (unset) for time_to_interactive 11.481 s
[12884:12884:0202/123228.465117:ERROR:page_load_metrics_update_dispatcher.cc(208)] Invalid first_meaningful_paint (unset) for time_to_interactive 11.481 s
[12884:12884:0202/123231.106718:ERROR:page_load_metrics_update_dispatcher.cc(208)] Invalid first_meaningful_paint (unset) for time_to_interactive 11.481 s
[12884:12884:0202/123232.761891:ERROR:page_load_metrics_update_dispatcher.cc(208)] Invalid first_meaningful_paint (unset) for time_to_interactive 11.481 s
[12884:12884:0202/123243.152210:ERROR:page_load_metrics_update_dispatcher.cc(208)] Invalid first_meaningful_paint (unset) for time_to_interactive 11.481 s
[12884:12884:0202/123441.762628:ERROR:page_load_metrics_update_dispatcher.cc(208)] Invalid first_meaningful_paint (unset) for time_to_interactive 11.481 s
[12884:12884:0202/123442.153757:ERROR:page_load_metrics_update_dispatcher.cc(208)] Invalid first_meaningful_paint (unset) for time_to_interactive 11.481 s
[12884:12884:0202/133550.838269:ERROR:page_load_metrics_update_dispatcher.cc(208)] Invalid first_meaningful_paint (unset) for time_to_interactive 6.896 s
[12884:12884:0202/133554.867354:ERROR:page_load_metrics_update_dispatcher.cc(208)] Invalid first_meaningful_paint (unset) for time_to_interactive 6.896 s
[12884:12884:0202/133556.706494:ERROR:page_load_metrics_update_dispatcher.cc(208)] Invalid first_meaningful_paint (unset) for time_to_interactive 6.896 s
[12884:12884:0202/135053.058790:ERROR:navigation_entry_screenshot_manager.cc(135)] Invalid entry with unique id: 220
[12884:12884:0202/135243.636780:ERROR:navigation_entry_screenshot_manager.cc(135)] Invalid entry with unique id: 239
[12884:12884:0202/141753.179424:ERROR:navigation_entry_screenshot_manager.cc(135)] Invalid entry with unique id: 311
[12884:12884:0202/142754.527197:ERROR:navigation_entry_screenshot_manager.cc(135)] Invalid entry with unique id: 344
[12884:12884:0202/143013.135927:ERROR:page_load_metrics_update_dispatcher.cc(208)] Invalid first_meaningful_paint (unset) for time_to_interactive 15.261 s
[12884:12884:0202/143249.487885:ERROR:page_load_metrics_update_dispatcher.cc(208)] Invalid first_meaningful_paint (unset) for time_to_interactive 15.261 s
[12884:12884:0202/154224.301047:ERROR:navigation_entry_screenshot_manager.cc(135)] Invalid entry with unique id: 423
[12884:12884:0202/154403.981145:ERROR:page_load_metrics_update_dispatcher.cc(208)] Invalid first_meaningful_paint (unset) for time_to_interactive 2.762 s
[12884:12884:0202/160145.998397:ERROR:page_load_metrics_update_dispatcher.cc(208)] Invalid first_meaningful_paint (unset) for time_to_interactive 9.476 s
[12884:12884:0202/162600.106127:ERROR:page_load_metrics_update_dispatcher.cc(208)] Invalid first_meaningful_paint (unset) for time_to_interactive 50.109 s
[12884:12884:0202/162603.514449:ERROR:page_load_metrics_update_dispatcher.cc(208)] Invalid first_meaningful_paint (unset) for time_to_interactive 50.109 s
[12884:12884:0202/162611.560965:ERROR:page_load_metrics_update_dispatcher.cc(208)] Invalid first_meaningful_paint (unset) for time_to_interactive 50.109 s
[12884:12884:0202/162613.644436:ERROR:page_load_metrics_update_dispatcher.cc(208)] Invalid first_meaningful_paint (unset) for time_to_interactive 50.109 s
[1:36:0202/162632.205101:ERROR:adm_helpers.cc(73)] Failed to query stereo recording.
[12884:12884:0202/162656.878973:ERROR:page_load_metrics_update_dispatcher.cc(208)] Invalid first_meaningful_paint (unset) for time_to_interactive 50.109 s
[12884:12884:0202/163213.336401:ERROR:media_internals.cc(102)] Cannot get RenderProcessHost
[12884:12949:0202/163827.228133:ERROR:connection_factory_impl.cc(381)] Failed to connect to MCS endpoint with error -137
[12884:13390:0202/163849.725152:ERROR:get_updates_processor.cc(244)] PostClientToServerMessage() failed during GetUpdates
[12884:12949:0202/163931.560749:ERROR:ssl_client_socket_impl.cc(1040)] handshake failed; returned -1, SSL error code 1, net_error -100
[12884:12949:0202/163936.650263:ERROR:ssl_client_socket_impl.cc(1040)] handshake failed; returned -1, SSL error code 1, net_error -100
[12884:12949:0202/163952.442930:ERROR:ssl_client_socket_impl.cc(1040)] handshake failed; returned -1, SSL error code 1, net_error -100
[12884:12949:0202/174206.596829:ERROR:ssl_client_socket_impl.cc(1040)] handshake failed; returned -1, SSL error code 1, net_error -100
couldn't lock 16384 bytes of memory (secret_session): Cannot allocate memory
[12884:12884:0202/182035.373786:ERROR:page_load_metrics_update_dispatcher.cc(208)] Invalid first_meaningful_paint (unset) for time_to_interactive 5.109 s
[12884:12884:0202/182039.476860:ERROR:page_load_metrics_update_dispatcher.cc(208)] Invalid first_meaningful_paint (unset) for time_to_interactive 5.109 s
[12884:12949:0202/184344.645839:ERROR:connection_factory_impl.cc(381)] Failed to connect to MCS endpoint with error -106
[24521:24521:0203/170955.209423:ERROR:page_load_metrics_update_dispatcher.cc(208)] Invalid first_meaningful_paint (unset) for time_to_interactive 6.34 s
[24521:24521:0203/171547.114043:ERROR:page_load_metrics_update_dispatcher.cc(208)] Invalid first_meaningful_paint (unset) for time_to_interactive 6.34 s
